# Logfile created on 2014-02-26 22:58:50 +0300 by logger.rb/41954
I, [2014-02-26T22:58:50.795883 #68433]  INFO -- : 0:  i18n (0.6.9) from /Users/Besson/.rvm/gems/ruby-2.0.0-p353/specifications/i18n-0.6.9.gemspec
I, [2014-02-26T22:58:53.082957 #68433]  INFO -- : 0:  minitest (4.7.5) from /Users/Besson/.rvm/gems/ruby-2.0.0-p353/specifications/minitest-4.7.5.gemspec
I, [2014-02-26T22:58:54.632392 #68433]  INFO -- : 0:  multi_json (1.8.4) from /Users/Besson/.rvm/gems/ruby-2.0.0-p353/specifications/multi_json-1.8.4.gemspec
I, [2014-02-26T22:58:57.567845 #68433]  INFO -- : 0:  atomic (1.1.14) from /Users/Besson/.rvm/gems/ruby-2.0.0-p353/specifications/atomic-1.1.14.gemspec
I, [2014-02-26T22:59:00.077422 #68433]  INFO -- : 0:  thread_safe (0.1.3) from /Users/Besson/.rvm/gems/ruby-2.0.0-p353/specifications/thread_safe-0.1.3.gemspec
I, [2014-02-26T22:59:05.041947 #68433]  INFO -- : 0:  tzinfo (0.3.38) from /Users/Besson/.rvm/gems/ruby-2.0.0-p353/specifications/tzinfo-0.3.38.gemspec
I, [2014-02-26T22:59:08.943070 #68433]  INFO -- : 0:  activesupport (4.0.2) from /Users/Besson/.rvm/gems/ruby-2.0.0-p353/specifications/activesupport-4.0.2.gemspec
I, [2014-02-26T22:59:11.240937 #68433]  INFO -- : 0:  builder (3.1.4) from /Users/Besson/.rvm/gems/ruby-2.0.0-p353/specifications/builder-3.1.4.gemspec
I, [2014-02-26T22:59:17.051628 #68433]  INFO -- : 0:  activemodel (4.0.2) from /Users/Besson/.rvm/gems/ruby-2.0.0-p353/specifications/activemodel-4.0.2.gemspec
I, [2014-02-26T22:59:19.244635 #68433]  INFO -- : 0:  activerecord-deprecated_finders (1.0.3) from /Users/Besson/.rvm/gems/ruby-2.0.0-p353/specifications/activerecord-deprecated_finders-1.0.3.gemspec
I, [2014-02-26T22:59:21.354238 #68433]  INFO -- : 0:  arel (4.0.2) from /Users/Besson/.rvm/gems/ruby-2.0.0-p353/specifications/arel-4.0.2.gemspec
I, [2014-02-26T22:59:27.695637 #68433]  INFO -- : 0:  activerecord (4.0.2) from /Users/Besson/.rvm/gems/ruby-2.0.0-p353/specifications/activerecord-4.0.2.gemspec
I, [2014-02-26T22:59:31.560386 #68433]  INFO -- : 0:  addressable (2.3.5) from /Users/Besson/.rvm/gems/ruby-2.0.0-p353/specifications/addressable-2.3.5.gemspec
I, [2014-02-26T22:59:35.572679 #68433]  INFO -- : 0:  excon (0.31.0) from /Users/Besson/.rvm/gems/ruby-2.0.0-p353/specifications/excon-0.31.0.gemspec
I, [2014-02-26T22:59:37.429628 #68433]  INFO -- : 0:  heroku-api (0.3.17) from /Users/Besson/.rvm/gems/ruby-2.0.0-p353/specifications/heroku-api-0.3.17.gemspec
I, [2014-02-26T22:59:45.647237 #68433]  INFO -- : 0:  launchy (2.4.2) from /Users/Besson/.rvm/gems/ruby-2.0.0-p353/specifications/launchy-2.4.2.gemspec
I, [2014-02-26T22:59:47.332001 #68433]  INFO -- : 0:  netrc (0.7.7) from /Users/Besson/.rvm/gems/ruby-2.0.0-p353/specifications/netrc-0.7.7.gemspec
I, [2014-02-26T22:59:49.718596 #68433]  INFO -- : 0:  mime-types (2.1) from /Users/Besson/.rvm/gems/ruby-2.0.0-p353/specifications/mime-types-2.1.gemspec
I, [2014-02-26T22:59:52.975283 #68433]  INFO -- : 0:  rest-client (1.6.7) from /Users/Besson/.rvm/gems/ruby-2.0.0-p353/specifications/rest-client-1.6.7.gemspec
I, [2014-02-26T22:59:58.674778 #68433]  INFO -- : 0:  rubyzip (1.1.0) from /Users/Besson/.rvm/gems/ruby-2.0.0-p353/specifications/rubyzip-1.1.0.gemspec
I, [2014-02-26T23:00:04.080318 #68433]  INFO -- : 0:  heroku (3.3.0) from /Users/Besson/.rvm/gems/ruby-2.0.0-p353/specifications/heroku-3.3.0.gemspec
I, [2014-02-26T23:00:04.080684 #68433]  INFO -- : 0:  rack (1.5.2) from /Users/Besson/.rvm/gems/ruby-2.0.0-p353/specifications/rack-1.5.2.gemspec
I, [2014-02-26T23:00:04.080923 #68433]  INFO -- : 0:  rack-protection (1.5.2) from /Users/Besson/.rvm/gems/ruby-2.0.0-p353/specifications/rack-protection-1.5.2.gemspec
I, [2014-02-26T23:00:04.081154 #68433]  INFO -- : 0:  tilt (1.4.1) from /Users/Besson/.rvm/gems/ruby-2.0.0-p353/specifications/tilt-1.4.1.gemspec
I, [2014-02-26T23:00:04.081381 #68433]  INFO -- : 0:  sinatra (1.4.4) from /Users/Besson/.rvm/gems/ruby-2.0.0-p353/specifications/sinatra-1.4.4.gemspec
I, [2014-02-26T23:00:06.070637 #68433]  INFO -- : 0:  sinatra-activerecord (1.3.0) from /Users/Besson/.rvm/gems/ruby-2.0.0-p353/specifications/sinatra-activerecord-1.3.0.gemspec
I, [2014-02-26T23:00:08.415610 #68433]  INFO -- : 0:  sinatra-basic-auth (0.1.0) from /Users/Besson/.rvm/gems/ruby-2.0.0-p353/specifications/sinatra-basic-auth-0.1.0.gemspec
I, [2014-02-26T23:00:12.548591 #68433]  INFO -- : 0:  sqlite3 (1.3.8) from /Users/Besson/.rvm/gems/ruby-2.0.0-p353/specifications/sqlite3-1.3.8.gemspec
I, [2014-02-26T23:00:12.549190 #68433]  INFO -- : 0:  bundler (1.5.1) from /Users/Besson/.rvm/gems/ruby-2.0.0-p353@global/specifications/bundler-1.5.1.gemspec
I, [2014-03-01T23:01:28.445124 #79907]  INFO -- : 0:  i18n (0.6.9) from /Users/Besson/.rvm/gems/ruby-2.0.0-p353/specifications/i18n-0.6.9.gemspec
I, [2014-03-01T23:01:28.446039 #79907]  INFO -- : 0:  minitest (4.7.5) from /Users/Besson/.rvm/gems/ruby-2.0.0-p353/specifications/minitest-4.7.5.gemspec
I, [2014-03-01T23:01:28.446364 #79907]  INFO -- : 0:  multi_json (1.8.4) from /Users/Besson/.rvm/gems/ruby-2.0.0-p353/specifications/multi_json-1.8.4.gemspec
I, [2014-03-01T23:01:28.446664 #79907]  INFO -- : 0:  atomic (1.1.15) from /Users/Besson/.rvm/gems/ruby-2.0.0-p353/specifications/atomic-1.1.15.gemspec
I, [2014-03-01T23:01:32.852766 #79907]  INFO -- : 0:  thread_safe (0.2.0) from /Users/Besson/.rvm/gems/ruby-2.0.0-p353/specifications/thread_safe-0.2.0.gemspec
I, [2014-03-01T23:01:32.853135 #79907]  INFO -- : 0:  tzinfo (0.3.38) from /Users/Besson/.rvm/gems/ruby-2.0.0-p353/specifications/tzinfo-0.3.38.gemspec
I, [2014-03-01T23:01:34.967931 #79907]  INFO -- : 0:  activesupport (4.0.3) from /Users/Besson/.rvm/gems/ruby-2.0.0-p353/specifications/activesupport-4.0.3.gemspec
I, [2014-03-01T23:01:34.968274 #79907]  INFO -- : 0:  builder (3.1.4) from /Users/Besson/.rvm/gems/ruby-2.0.0-p353/specifications/builder-3.1.4.gemspec
I, [2014-03-01T23:01:37.245974 #79907]  INFO -- : 0:  activemodel (4.0.3) from /Users/Besson/.rvm/gems/ruby-2.0.0-p353/specifications/activemodel-4.0.3.gemspec
I, [2014-03-01T23:01:37.246310 #79907]  INFO -- : 0:  activerecord-deprecated_finders (1.0.3) from /Users/Besson/.rvm/gems/ruby-2.0.0-p353/specifications/activerecord-deprecated_finders-1.0.3.gemspec
I, [2014-03-01T23:01:37.246544 #79907]  INFO -- : 0:  arel (4.0.2) from /Users/Besson/.rvm/gems/ruby-2.0.0-p353/specifications/arel-4.0.2.gemspec
I, [2014-03-01T23:01:39.738706 #79907]  INFO -- : 0:  activerecord (4.0.3) from /Users/Besson/.rvm/gems/ruby-2.0.0-p353/specifications/activerecord-4.0.3.gemspec
I, [2014-03-01T23:01:39.739102 #79907]  INFO -- : 0:  addressable (2.3.5) from /Users/Besson/.rvm/gems/ruby-2.0.0-p353/specifications/addressable-2.3.5.gemspec
I, [2014-03-01T23:01:41.206385 #79907]  INFO -- : 0:  daemons (1.1.9) from /Users/Besson/.rvm/gems/ruby-2.0.0-p353/specifications/daemons-1.1.9.gemspec
I, [2014-03-01T23:01:51.632214 #79907]  INFO -- : 0:  eventmachine (1.0.3) from /Users/Besson/.rvm/gems/ruby-2.0.0-p353/specifications/eventmachine-1.0.3.gemspec
I, [2014-03-01T23:01:51.632734 #79907]  INFO -- : 0:  excon (0.31.0) from /Users/Besson/.rvm/gems/ruby-2.0.0-p353/specifications/excon-0.31.0.gemspec
I, [2014-03-01T23:01:51.633037 #79907]  INFO -- : 0:  heroku-api (0.3.17) from /Users/Besson/.rvm/gems/ruby-2.0.0-p353/specifications/heroku-api-0.3.17.gemspec
I, [2014-03-01T23:01:51.633326 #79907]  INFO -- : 0:  launchy (2.4.2) from /Users/Besson/.rvm/gems/ruby-2.0.0-p353/specifications/launchy-2.4.2.gemspec
I, [2014-03-01T23:01:51.633591 #79907]  INFO -- : 0:  netrc (0.7.7) from /Users/Besson/.rvm/gems/ruby-2.0.0-p353/specifications/netrc-0.7.7.gemspec
I, [2014-03-01T23:01:51.633847 #79907]  INFO -- : 0:  mime-types (2.1) from /Users/Besson/.rvm/gems/ruby-2.0.0-p353/specifications/mime-types-2.1.gemspec
I, [2014-03-01T23:01:51.634108 #79907]  INFO -- : 0:  rest-client (1.6.7) from /Users/Besson/.rvm/gems/ruby-2.0.0-p353/specifications/rest-client-1.6.7.gemspec
I, [2014-03-01T23:01:51.634369 #79907]  INFO -- : 0:  rubyzip (1.1.0) from /Users/Besson/.rvm/gems/ruby-2.0.0-p353/specifications/rubyzip-1.1.0.gemspec
I, [2014-03-01T23:01:51.634634 #79907]  INFO -- : 0:  heroku (3.3.0) from /Users/Besson/.rvm/gems/ruby-2.0.0-p353/specifications/heroku-3.3.0.gemspec
I, [2014-03-01T23:01:51.634898 #79907]  INFO -- : 0:  rack (1.5.2) from /Users/Besson/.rvm/gems/ruby-2.0.0-p353/specifications/rack-1.5.2.gemspec
I, [2014-03-01T23:01:51.635164 #79907]  INFO -- : 0:  rack-protection (1.5.2) from /Users/Besson/.rvm/gems/ruby-2.0.0-p353/specifications/rack-protection-1.5.2.gemspec
I, [2014-03-01T23:01:51.635411 #79907]  INFO -- : 0:  tilt (1.4.1) from /Users/Besson/.rvm/gems/ruby-2.0.0-p353/specifications/tilt-1.4.1.gemspec
I, [2014-03-01T23:01:51.635655 #79907]  INFO -- : 0:  sinatra (1.4.4) from /Users/Besson/.rvm/gems/ruby-2.0.0-p353/specifications/sinatra-1.4.4.gemspec
I, [2014-03-01T23:01:51.635899 #79907]  INFO -- : 0:  sinatra-activerecord (1.3.0) from /Users/Besson/.rvm/gems/ruby-2.0.0-p353/specifications/sinatra-activerecord-1.3.0.gemspec
I, [2014-03-01T23:01:51.636148 #79907]  INFO -- : 0:  sinatra-basic-auth (0.1.0) from /Users/Besson/.rvm/gems/ruby-2.0.0-p353/specifications/sinatra-basic-auth-0.1.0.gemspec
I, [2014-03-01T23:02:00.598289 #79907]  INFO -- : 0:  sqlite3 (1.3.9) from /Users/Besson/.rvm/gems/ruby-2.0.0-p353/specifications/sqlite3-1.3.9.gemspec
I, [2014-03-01T23:02:03.276812 #79907]  INFO -- : 0:  thin (1.6.1) from /Users/Besson/.rvm/gems/ruby-2.0.0-p353/specifications/thin-1.6.1.gemspec
I, [2014-03-01T23:02:03.277206 #79907]  INFO -- : 0:  bundler (1.5.1) from /Users/Besson/.rvm/gems/ruby-2.0.0-p353@global/specifications/bundler-1.5.1.gemspec
